#-----------------------------------------------------------
# Vivado v2018.1 (64-bit)
# SW Build 2188600 on Wed Apr  4 18:40:38 MDT 2018
# IP Build 2185939 on Wed Apr  4 20:55:05 MDT 2018
# Start of session at: Fri Jan 18 12:20:13 2019
# Process ID: 8188
# Current directory: C:/Users/161072/lab0
# Command line: vivado.exe -gui_launcher_event rodinguilauncherevent8616 C:\Users\161072\lab0\lab0.xpr
# Log file: C:/Users/161072/lab0/vivado.log
# Journal file: C:/Users/161072/lab0\vivado.jou
#-----------------------------------------------------------
start_gui
open_project C:/Users/161072/lab0/lab0.xpr
Scanning sources...
Finished scanning sources
INFO: [IP_Flow 19-234] Refreshing IP repositories
INFO: [IP_Flow 19-1704] No user IP repositories specified
INFO: [IP_Flow 19-2313] Loaded Vivado IP repository 'C:/Xilinx/Vivado/2018.1/data/ip'.
open_project: Time (s): cpu = 00:00:17 ; elapsed = 00:00:17 . Memory (MB): peak = 830.152 ; gain = 79.535
update_compile_order -fileset sources_1
